Arguments: 
  C:\Program Files\nodejs\node.exe C:\Users\pccte\AppData\Roaming\npm\node_modules\yarn\bin\yarn.js add formik

PATH: 
  C:\Program Files (x86)\Common Files\Oracle\Java\javapath;C:\Users\pccte\Downloads\WINDOWS.X64_193000_db_home\bin;C:\Windows\system32;C:\Windows;C:\Windows\System32\Wbem;C:\Windows\System32\WindowsPowerShell\v1.0\;C:\Windows\System32\OpenSSH\;C:\Program Files\nodejs\;C:\Program Files\Microsoft VS Code\bin;C:\Program Files\Git\cmd;C:\Program Files\PuTTY\;C:\ProgramData\chocolatey\bin;C:\Program Files\Docker\Docker\resources\bin;C:\ProgramData\DockerDesktop\version-bin;C:\Program Files\Inkscape\bin;C:\Program Files\Java\jdk1.8.0_281\bin;C:\Gradle\bin;C:\Users\pccte\AppData\Local\Android\Sdk\tools;C:\Users\pccte\AppData\Local\Android\Sdk\platform_tools;C:\Users\pccte\AppData\Local\Microsoft\WindowsApps;C:\Users\pccte\AppData\Roaming\npm;C:\Users\pccte\AppData\Local\GitHubDesktop\bin;C:\Program Files (x86)\GitHub CLI\;C:\Gradle\bin;

Yarn version: 
  1.22.10

Node version: 
  14.15.4

Platform: 
  win32 x64

Trace: 
  Error: EPERM: operation not permitted, unlink 'D:\SERVER\DEVELOPER\argon\node_modules\node-sass\vendor\win32-x64-83\binding.node'

npm manifest: 
  {
    "name": "JMONTE",
    "version": "1.2.0",
    "description": "React version of Argon Dashboard by Creative Tim",
    "main": "index.js",
    "repository": {
      "type": "git",
      "url": "git+https://github.com/creativetimofficial/argon-dashboard-react.git"
    },
    "keywords": [
      "react",
      "reactjs",
      "argon",
      "argon-react",
      "dashboard",
      "dashboard-react",
      "argon-dashboard",
      "argon-dashboard-react"
    ],
    "author": "Creative Tim",
    "license": "MIT",
    "bugs": {
      "url": "https://github.com/creativetimofficial/argon-dashboard-react/issues"
    },
    "homepage": "https://demos.creative-tim.com/argon-dashboard-react/",
    "scripts": {
      "start": "react-scripts start",
      "build": "react-scripts build",
      "test": "react-scripts test",
      "eject": "react-scripts eject",
      "install:clean": "rm -rf node_modules/ && rm -rf package-lock.json && npm install && npm start",
      "compile:scss": "node-sass --importer node_modules/node-sass-package-importer/dist/cli.js src/assets/scss/argon-dashboard-react.scss src/assets/css/argon-dashboard-react.css",
      "minify:scss": "node-sass --importer node_modules/node-sass-package-importer/dist/cli.js src/assets/scss/argon-dashboard-react.scss src/assets/css/argon-dashboard-react.min.css --output-style compressed",
      "map:scss": "node-sass --importer node_modules/node-sass-package-importer/dist/cli.js src/assets/scss/argon-dashboard-react.scss src/assets/css/argon-dashboard-react.css --source-map true",
      "build:scss": "npm run compile:scss && npm run minify:scss && npm run map:scss"
    },
    "eslintConfig": {
      "extends": "react-app"
    },
    "browserslist": [
      ">0.2%",
      "not dead",
      "not ie <= 11",
      "not op_mini all"
    ],
    "dependencies": {
      "@fortawesome/fontawesome-free": "5.15.2",
      "axios": "^0.21.1",
      "bootstrap": "4.6.0",
      "chart.js": "2.9.4",
      "classnames": "2.2.6",
      "moment": "2.29.1",
      "node-sass": "4.14.1",
      "node-sass-package-importer": "5.3.2",
      "nouislider": "14.6.3",
      "react": "17.0.1",
      "react-chartjs-2": "2.11.1",
      "react-copy-to-clipboard": "5.0.3",
      "react-datetime": "3.0.4",
      "react-dom": "17.0.1",
      "react-router-dom": "5.2.0",
      "react-scripts": "4.0.1",
      "reactstrap": "8.9.0"
    },
    "devDependencies": {
      "@types/react": "^17.0.3",
      "gulp": "4.0.2",
      "gulp-append-prepend": "1.0.8"
    },
    "optionalDependencies": {
      "eslint-plugin-flowtype": "5.2.0",
      "jquery": "3.5.1",
      "typescript": "4.1.3"
    }
  }

yarn manifest: 
  No manifest

Lockfile: 
  No lockfile
